<?xml version="1.0" encoding="UTF-8"?>
<!-- Generated by org.testng.reporters.JUnitReportReporter -->
<testsuite hostname="owner-PC" name="com.ats.qa.test.LoginPageTest" tests="1" failures="0" timestamp="1 Feb 2020 06:53:48 GMT" time="11.517" errors="0">
  <testcase name="loginTest" time="11.517" classname="com.ats.qa.test.LoginPageTest"/>
</testsuite> <!-- com.ats.qa.test.LoginPageTest -->
