<?xml version="1.0" encoding="UTF-8"?>
<!-- Generated by org.testng.reporters.JUnitReportReporter -->
<testsuite hostname="owner-PC" name="com.rubikloud.qa.test.HomePageTest" tests="1" failures="0" timestamp="7 Dec 2019 04:15:06 GMT" time="19.396" errors="0">
  <testcase name="changeToPageAutopilotTest" time="19.396" classname="com.rubikloud.qa.test.HomePageTest"/>
</testsuite> <!-- com.rubikloud.qa.test.HomePageTest -->
