<?xml version="1.0" encoding="UTF-8"?>
<!-- Generated by org.testng.reporters.JUnitReportReporter -->
<testsuite hostname="owner-PC" name="com.ats.qa.test.ProjectPageTest" tests="1" failures="0" timestamp="1 Feb 2020 22:44:17 GMT" time="32.888" errors="0">
  <testcase name="projectCreationTest" time="32.888" classname="com.ats.qa.test.ProjectPageTest"/>
</testsuite> <!-- com.ats.qa.test.ProjectPageTest -->
