<?xml version="1.0" encoding="UTF-8"?>
<!-- Generated by org.testng.reporters.JUnitReportReporter -->
<testsuite hostname="owner-PC" name="com.ats.qa.test.HomePageTest" tests="1" failures="0" timestamp="1 Feb 2020 22:44:17 GMT" time="14.302" errors="0">
  <testcase name="changeToNewProjectPageTest" time="14.302" classname="com.ats.qa.test.HomePageTest"/>
</testsuite> <!-- com.ats.qa.test.HomePageTest -->
