<?xml version="1.0" encoding="UTF-8"?>
<!-- Generated by org.testng.reporters.JUnitReportReporter -->
<testsuite hostname="owner-PC" name="com.rubikloud.qa.test.LoginPageTest" tests="1" failures="0" timestamp="7 Dec 2019 00:07:30 GMT" time="10.364" errors="0">
  <testcase name="loginPageTitleTest" time="10.364" classname="com.rubikloud.qa.test.LoginPageTest"/>
</testsuite> <!-- com.rubikloud.qa.test.LoginPageTest -->
